09:18:33 **** Build of configuration Debug for project MemoryAndSection ****
make -j8 all 
arm-none-eabi-gcc -o "MemoryAndSection.elf" @"objects.list"   -mcpu=cortex-m4 -T"C:\Users\lagoeirl\STM32CubeIDE\workspace_1.16.0\MemoryAndSection\STM32L452RETX_FLASH.ld" --specs=nosys.specs -Wl,-Map="MemoryAndSection.map" -Wl,--gc-sections -static --specs=nano.specs -mfpu=fpv4-sp-d16 -mfloat-abi=hard -mthumb -Wl,--start-group -lc -lm -Wl,--end-group
C:/ST/STM32CubeIDE_1.16.0/STM32CubeIDE/plugins/com.st.stm32cube.ide.mcu.externaltools.gnu-tools-for-stm32.12.3.rel1.win32_1.0.200.202406191623/tools/bin/../lib/gcc/arm-none-eabi/12.3.1/../../../../arm-none-eabi/bin/ld.exe: warning: MemoryAndSection.elf has a LOAD segment with RWX permissions
C:/ST/STM32CubeIDE_1.16.0/STM32CubeIDE/plugins/com.st.stm32cube.ide.mcu.externaltools.gnu-tools-for-stm32.12.3.rel1.win32_1.0.200.202406191623/tools/bin/../lib/gcc/arm-none-eabi/12.3.1/../../../../arm-none-eabi/bin/ld.exe: ./Core/Src/main.o: in function `main':
C:/Users/lagoeirl/STM32CubeIDE/workspace_1.16.0/MemoryAndSection/Debug/../Core/Src/main.c:95: undefined reference to `__HAL_RCC_BKPSRAM_CLK_ENABLE'
C:/ST/STM32CubeIDE_1.16.0/STM32CubeIDE/plugins/com.st.stm32cube.ide.mcu.externaltools.gnu-tools-for-stm32.12.3.rel1.win32_1.0.200.202406191623/tools/bin/../lib/gcc/arm-none-eabi/12.3.1/../../../../arm-none-eabi/bin/ld.exe: C:/Users/lagoeirl/STM32CubeIDE/workspace_1.16.0/MemoryAndSection/Debug/../Core/Src/main.c:97: undefined reference to `HAL_PWREx_EnableBkUpReg'
C:/ST/STM32CubeIDE_1.16.0/STM32CubeIDE/plugins/com.st.stm32cube.ide.mcu.externaltools.gnu-tools-for-stm32.12.3.rel1.win32_1.0.200.202406191623/tools/bin/../lib/gcc/arm-none-eabi/12.3.1/../../../../arm-none-eabi/bin/ld.exe: C:/Users/lagoeirl/STM32CubeIDE/workspace_1.16.0/MemoryAndSection/Debug/../Core/Src/main.c:107: undefined reference to `SCB_CleanDCache_by_Addr'
collect2.exe: error: ld returned 1 exit status
make: *** [makefile:64: MemoryAndSection.elf] Error 1
"make -j8 all" terminated with exit code 2. Build might be incomplete.

09:18:34 Build Failed. 4 errors, 1 warnings. (took 1s.166ms)

